
[INFO 2020-04-27 20:28:22]开始测试创建学习会
[INFO 2020-04-27 20:30:36]开始测试创建学习会
[INFO 2020-04-28 09:42:49]初始化配置文件, path=/Users/xiaomai/PycharmProjects/xxh/Conf/config.ini
[INFO 2020-04-28 09:42:51]开始测试添加议程
[INFO 2020-04-28 09:42:51]开始测试添加议程
[INFO 2020-04-28 09:42:51]开始测试创建学习会
[INFO 2020-04-28 09:42:51]开始测试添加主题
[INFO 2020-04-28 09:42:51]删除议程
[INFO 2020-04-28 09:42:51]删除我的学习会
[INFO 2020-04-28 09:42:51]删除主题会
[INFO 2020-04-28 09:42:52]编辑我的学习会
[INFO 2020-04-28 09:42:52]开始编辑主题内容
[INFO 2020-04-28 09:42:52]学习会详情
[INFO 2020-04-28 09:42:52]用户查询所有学习会列表
[INFO 2020-04-28 09:42:52]用户查看我的会议列表
[INFO 2020-04-28 09:42:52]任务主题列表查询(首页列表)
[INFO 2020-04-28 09:42:52]主题详情查询
[INFO 2020-04-28 09:42:53]修改议程
[INFO 2020-04-28 09:42:53]用户加入学习会
[INFO 2020-04-28 09:42:53]用户退出学习会
[INFO 2020-04-28 09:42:53]编辑用户信息
[INFO 2020-04-28 09:42:53]获取用户信息
[INFO 2020-04-28 09:42:54]根据用户手机查询用户信息
[INFO 2020-04-28 09:42:54]修改语音视频通话提示
[INFO 2020-04-30 16:30:00]初始化配置文件, path=/Users/xiaomai/PycharmProjects/xxh/Conf/config.ini
[INFO 2020-04-30 16:30:30]初始化配置文件, path=/Users/xiaomai/PycharmProjects/xxh/Conf/config.ini
